<?xml version="1.0" encoding="UTF-8"?>
<coverage generated="1680620656">
  <project timestamp="1680620656">
    <file name="/app/src/Controller/ProductController.php">
      <class name="App\Controller\ProductController" namespace="global">
        <metrics complexity="3" methods="3" coveredmethods="3" conditionals="0" coveredconditionals="0" statements="17" coveredstatements="17" elements="20" coveredelements="20"/>
      </class>
      <line num="18" type="method" name="__construct" visibility="public" complexity="1" crap="1" count="10"/>
      <line num="22" type="stmt" count="10"/>
      <line num="27" type="method" name="create" visibility="public" complexity="1" crap="1" count="5"/>
      <line num="29" type="stmt" count="5"/>
      <line num="31" type="stmt" count="1"/>
      <line num="33" type="stmt" count="1"/>
      <line num="34" type="stmt" count="1"/>
      <line num="35" type="stmt" count="1"/>
      <line num="36" type="stmt" count="1"/>
      <line num="38" type="stmt" count="1"/>
      <line num="40" type="stmt" count="1"/>
      <line num="46" type="method" name="search" visibility="public" complexity="1" crap="1" count="5"/>
      <line num="48" type="stmt" count="5"/>
      <line num="50" type="stmt" count="4"/>
      <line num="51" type="stmt" count="4"/>
      <line num="52" type="stmt" count="4"/>
      <line num="54" type="stmt" count="4"/>
      <line num="55" type="stmt" count="4"/>
      <line num="56" type="stmt" count="4"/>
      <line num="58" type="stmt" count="4"/>
      <metrics loc="61" ncloc="55" classes="1" methods="3" coveredmethods="3" conditionals="0" coveredconditionals="0" statements="17" coveredstatements="17" elements="20" coveredelements="20"/>
    </file>
    <file name="/app/src/Controller/ShopController.php">
      <class name="App\Controller\ShopController" namespace="global">
        <metrics complexity="4" methods="4" coveredmethods="4" conditionals="0" coveredconditionals="0" statements="28" coveredstatements="28" elements="32" coveredelements="32"/>
      </class>
      <line num="23" type="method" name="__construct" visibility="public" complexity="1" crap="1" count="22"/>
      <line num="27" type="stmt" count="22"/>
      <line num="32" type="method" name="create" visibility="public" complexity="1" crap="1" count="12"/>
      <line num="34" type="stmt" count="12"/>
      <line num="36" type="stmt" count="1"/>
      <line num="38" type="stmt" count="1"/>
      <line num="39" type="stmt" count="1"/>
      <line num="40" type="stmt" count="1"/>
      <line num="41" type="stmt" count="1"/>
      <line num="42" type="stmt" count="1"/>
      <line num="43" type="stmt" count="1"/>
      <line num="44" type="stmt" count="1"/>
      <line num="46" type="stmt" count="1"/>
      <line num="48" type="stmt" count="1"/>
      <line num="55" type="method" name="setProductQuantity" visibility="public" complexity="1" crap="1" count="4"/>
      <line num="61" type="stmt" count="4"/>
      <line num="63" type="stmt" count="3"/>
      <line num="64" type="stmt" count="3"/>
      <line num="66" type="stmt" count="3"/>
      <line num="67" type="stmt" count="3"/>
      <line num="69" type="stmt" count="3"/>
      <line num="75" type="method" name="search" visibility="public" complexity="1" crap="1" count="6"/>
      <line num="77" type="stmt" count="6"/>
      <line num="79" type="stmt" count="6"/>
      <line num="80" type="stmt" count="6"/>
      <line num="81" type="stmt" count="6"/>
      <line num="82" type="stmt" count="6"/>
      <line num="83" type="stmt" count="6"/>
      <line num="85" type="stmt" count="6"/>
      <line num="86" type="stmt" count="6"/>
      <line num="87" type="stmt" count="6"/>
      <line num="89" type="stmt" count="6"/>
      <metrics loc="92" ncloc="82" classes="1" methods="4" coveredmethods="4" conditionals="0" coveredconditionals="0" statements="28" coveredstatements="28" elements="32" coveredelements="32"/>
    </file>
    <file name="/app/src/DataFixtures/AppFixtures.php">
      <class name="App\DataFixtures\AppFixtures" namespace="global">
        <metrics complexity="3" methods="1" coveredmethods="0" conditionals="0" coveredconditionals="0" statements="40" coveredstatements="0" elements="41" coveredelements="0"/>
      </class>
      <line num="13" type="method" name="load" visibility="public" complexity="3" crap="12" count="0"/>
      <line num="15" type="stmt" count="0"/>
      <line num="16" type="stmt" count="0"/>
      <line num="17" type="stmt" count="0"/>
      <line num="18" type="stmt" count="0"/>
      <line num="19" type="stmt" count="0"/>
      <line num="20" type="stmt" count="0"/>
      <line num="22" type="stmt" count="0"/>
      <line num="25" type="stmt" count="0"/>
      <line num="26" type="stmt" count="0"/>
      <line num="28" type="stmt" count="0"/>
      <line num="29" type="stmt" count="0"/>
      <line num="30" type="stmt" count="0"/>
      <line num="31" type="stmt" count="0"/>
      <line num="32" type="stmt" count="0"/>
      <line num="33" type="stmt" count="0"/>
      <line num="35" type="stmt" count="0"/>
      <line num="37" type="stmt" count="0"/>
      <line num="38" type="stmt" count="0"/>
      <line num="39" type="stmt" count="0"/>
      <line num="40" type="stmt" count="0"/>
      <line num="41" type="stmt" count="0"/>
      <line num="42" type="stmt" count="0"/>
      <line num="44" type="stmt" count="0"/>
      <line num="46" type="stmt" count="0"/>
      <line num="47" type="stmt" count="0"/>
      <line num="48" type="stmt" count="0"/>
      <line num="49" type="stmt" count="0"/>
      <line num="50" type="stmt" count="0"/>
      <line num="51" type="stmt" count="0"/>
      <line num="54" type="stmt" count="0"/>
      <line num="55" type="stmt" count="0"/>
      <line num="57" type="stmt" count="0"/>
      <line num="58" type="stmt" count="0"/>
      <line num="59" type="stmt" count="0"/>
      <line num="60" type="stmt" count="0"/>
      <line num="61" type="stmt" count="0"/>
      <line num="63" type="stmt" count="0"/>
      <line num="65" type="stmt" count="0"/>
      <line num="69" type="stmt" count="0"/>
      <line num="71" type="stmt" count="0"/>
      <metrics loc="74" ncloc="72" classes="1" methods="1" coveredmethods="0" conditionals="0" coveredconditionals="0" statements="40" coveredstatements="0" elements="41" coveredelements="0"/>
    </file>
    <file name="/app/src/Document/ProductView.php">
      <class name="App\Document\ProductView" namespace="global">
        <metrics complexity="9" methods="9" coveredmethods="5" conditionals="0" coveredconditionals="0" statements="13" coveredstatements="9" elements="22" coveredelements="14"/>
      </class>
      <line num="38" type="method" name="getId" visibility="public" complexity="1" crap="2" count="0"/>
      <line num="40" type="stmt" count="0"/>
      <line num="43" type="method" name="getProductId" visibility="public" complexity="1" crap="2" count="0"/>
      <line num="45" type="stmt" count="0"/>
      <line num="48" type="method" name="setProductId" visibility="public" complexity="1" crap="1" count="10"/>
      <line num="50" type="stmt" count="10"/>
      <line num="52" type="stmt" count="10"/>
      <line num="56" type="method" name="getName" visibility="public" complexity="1" crap="2" count="0"/>
      <line num="58" type="stmt" count="0"/>
      <line num="61" type="method" name="setName" visibility="public" complexity="1" crap="1" count="10"/>
      <line num="63" type="stmt" count="10"/>
      <line num="65" type="stmt" count="10"/>
      <line num="68" type="method" name="getPhotoUrl" visibility="public" complexity="1" crap="2" count="0"/>
      <line num="70" type="stmt" count="0"/>
      <line num="73" type="method" name="setPhotoUrl" visibility="public" complexity="1" crap="1" count="10"/>
      <line num="75" type="stmt" count="10"/>
      <line num="77" type="stmt" count="10"/>
      <line num="80" type="method" name="getShops" visibility="public" complexity="1" crap="1" count="8"/>
      <line num="82" type="stmt" count="8"/>
      <line num="85" type="method" name="setShops" visibility="public" complexity="1" crap="1" count="8"/>
      <line num="87" type="stmt" count="8"/>
      <line num="89" type="stmt" count="8"/>
      <metrics loc="92" ncloc="74" classes="1" methods="9" coveredmethods="5" conditionals="0" coveredconditionals="0" statements="13" coveredstatements="9" elements="22" coveredelements="14"/>
    </file>
    <file name="/app/src/Document/ShopView.php">
      <class name="App\Document\ShopView" namespace="global">
        <metrics complexity="11" methods="11" coveredmethods="5" conditionals="0" coveredconditionals="0" statements="16" coveredstatements="10" elements="27" coveredelements="15"/>
      </class>
      <line num="44" type="method" name="getId" visibility="public" complexity="1" crap="2" count="0"/>
      <line num="46" type="stmt" count="0"/>
      <line num="49" type="method" name="getShopId" visibility="public" complexity="1" crap="2" count="0"/>
      <line num="51" type="stmt" count="0"/>
      <line num="54" type="method" name="setShopId" visibility="public" complexity="1" crap="1" count="16"/>
      <line num="56" type="stmt" count="16"/>
      <line num="58" type="stmt" count="16"/>
      <line num="61" type="method" name="getName" visibility="public" complexity="1" crap="2" count="0"/>
      <line num="63" type="stmt" count="0"/>
      <line num="66" type="method" name="setName" visibility="public" complexity="1" crap="1" count="16"/>
      <line num="68" type="stmt" count="16"/>
      <line num="70" type="stmt" count="16"/>
      <line num="73" type="method" name="getLocation" visibility="public" complexity="1" crap="2" count="0"/>
      <line num="75" type="stmt" count="0"/>
      <line num="78" type="method" name="setLocation" visibility="public" complexity="1" crap="1" count="16"/>
      <line num="80" type="stmt" count="16"/>
      <line num="82" type="stmt" count="16"/>
      <line num="85" type="method" name="getAddress" visibility="public" complexity="1" crap="2" count="0"/>
      <line num="87" type="stmt" count="0"/>
      <line num="90" type="method" name="setAddress" visibility="public" complexity="1" crap="1" count="16"/>
      <line num="92" type="stmt" count="16"/>
      <line num="94" type="stmt" count="16"/>
      <line num="97" type="method" name="getManager" visibility="public" complexity="1" crap="2" count="0"/>
      <line num="99" type="stmt" count="0"/>
      <line num="102" type="method" name="setManager" visibility="public" complexity="1" crap="1" count="16"/>
      <line num="104" type="stmt" count="16"/>
      <line num="106" type="stmt" count="16"/>
      <metrics loc="108" ncloc="87" classes="1" methods="11" coveredmethods="5" conditionals="0" coveredconditionals="0" statements="16" coveredstatements="10" elements="27" coveredelements="15"/>
    </file>
    <file name="/app/src/Entity/Product.php">
      <class name="App\Entity\Product" namespace="global">
        <metrics complexity="5" methods="5" coveredmethods="5" conditionals="0" coveredconditionals="0" statements="7" coveredstatements="7" elements="12" coveredelements="12"/>
      </class>
      <line num="34" type="method" name="getId" visibility="public" complexity="1" crap="1" count="10"/>
      <line num="36" type="stmt" count="10"/>
      <line num="39" type="method" name="getName" visibility="public" complexity="1" crap="1" count="10"/>
      <line num="41" type="stmt" count="10"/>
      <line num="44" type="method" name="setName" visibility="public" complexity="1" crap="1" count="10"/>
      <line num="46" type="stmt" count="10"/>
      <line num="48" type="stmt" count="10"/>
      <line num="51" type="method" name="getPhotoUrl" visibility="public" complexity="1" crap="1" count="10"/>
      <line num="53" type="stmt" count="10"/>
      <line num="56" type="method" name="setPhotoUrl" visibility="public" complexity="1" crap="1" count="10"/>
      <line num="58" type="stmt" count="10"/>
      <line num="60" type="stmt" count="10"/>
      <metrics loc="63" ncloc="45" classes="1" methods="5" coveredmethods="5" conditionals="0" coveredconditionals="0" statements="7" coveredstatements="7" elements="12" coveredelements="12"/>
    </file>
    <file name="/app/src/Entity/Shop.php">
      <class name="App\Entity\Shop" namespace="global">
        <metrics complexity="12" methods="12" coveredmethods="12" conditionals="0" coveredconditionals="0" statements="17" coveredstatements="17" elements="29" coveredelements="29"/>
      </class>
      <line num="48" type="method" name="getId" visibility="public" complexity="1" crap="1" count="16"/>
      <line num="50" type="stmt" count="16"/>
      <line num="53" type="method" name="getName" visibility="public" complexity="1" crap="1" count="16"/>
      <line num="55" type="stmt" count="16"/>
      <line num="58" type="method" name="setName" visibility="public" complexity="1" crap="1" count="16"/>
      <line num="60" type="stmt" count="16"/>
      <line num="62" type="stmt" count="16"/>
      <line num="65" type="method" name="getLatitude" visibility="public" complexity="1" crap="1" count="16"/>
      <line num="67" type="stmt" count="16"/>
      <line num="70" type="method" name="setLatitude" visibility="public" complexity="1" crap="1" count="16"/>
      <line num="72" type="stmt" count="16"/>
      <line num="74" type="stmt" count="16"/>
      <line num="77" type="method" name="getLongitude" visibility="public" complexity="1" crap="1" count="16"/>
      <line num="79" type="stmt" count="16"/>
      <line num="82" type="method" name="setLongitude" visibility="public" complexity="1" crap="1" count="16"/>
      <line num="84" type="stmt" count="16"/>
      <line num="86" type="stmt" count="16"/>
      <line num="89" type="method" name="getLocation" visibility="public" complexity="1" crap="1" count="8"/>
      <line num="91" type="stmt" count="8"/>
      <line num="94" type="method" name="getAddress" visibility="public" complexity="1" crap="1" count="16"/>
      <line num="96" type="stmt" count="16"/>
      <line num="99" type="method" name="setAddress" visibility="public" complexity="1" crap="1" count="16"/>
      <line num="101" type="stmt" count="16"/>
      <line num="103" type="stmt" count="16"/>
      <line num="106" type="method" name="getManager" visibility="public" complexity="1" crap="1" count="16"/>
      <line num="108" type="stmt" count="16"/>
      <line num="111" type="method" name="setManager" visibility="public" complexity="1" crap="1" count="16"/>
      <line num="113" type="stmt" count="16"/>
      <line num="115" type="stmt" count="16"/>
      <metrics loc="119" ncloc="92" classes="1" methods="12" coveredmethods="12" conditionals="0" coveredconditionals="0" statements="17" coveredstatements="17" elements="29" coveredelements="29"/>
    </file>
    <file name="/app/src/Entity/Stock.php">
      <class name="App\Entity\Stock" namespace="global">
        <metrics complexity="7" methods="7" coveredmethods="6" conditionals="0" coveredconditionals="0" statements="10" coveredstatements="9" elements="17" coveredelements="15"/>
      </class>
      <line num="41" type="method" name="getId" visibility="public" complexity="1" crap="2" count="0"/>
      <line num="43" type="stmt" count="0"/>
      <line num="46" type="method" name="getShop" visibility="public" complexity="1" crap="1" count="8"/>
      <line num="48" type="stmt" count="8"/>
      <line num="51" type="method" name="setShop" visibility="public" complexity="1" crap="1" count="8"/>
      <line num="53" type="stmt" count="8"/>
      <line num="55" type="stmt" count="8"/>
      <line num="58" type="method" name="getProduct" visibility="public" complexity="1" crap="1" count="8"/>
      <line num="60" type="stmt" count="8"/>
      <line num="63" type="method" name="setProduct" visibility="public" complexity="1" crap="1" count="8"/>
      <line num="65" type="stmt" count="8"/>
      <line num="67" type="stmt" count="8"/>
      <line num="70" type="method" name="getQuantity" visibility="public" complexity="1" crap="1" count="8"/>
      <line num="72" type="stmt" count="8"/>
      <line num="75" type="method" name="setQuantity" visibility="public" complexity="1" crap="1" count="8"/>
      <line num="77" type="stmt" count="8"/>
      <line num="79" type="stmt" count="8"/>
      <metrics loc="82" ncloc="58" classes="1" methods="7" coveredmethods="6" conditionals="0" coveredconditionals="0" statements="10" coveredstatements="9" elements="17" coveredelements="15"/>
    </file>
    <file name="/app/src/EventListener/SynchronizeProductViewStocksSubscriber.php">
      <class name="App\EventListener\SynchronizeProductViewStocksSubscriber" namespace="global">
        <metrics complexity="8" methods="5" coveredmethods="4" conditionals="0" coveredconditionals="0" statements="31" coveredstatements="27" elements="36" coveredelements="31"/>
      </class>
      <line num="18" type="method" name="__construct" visibility="public" complexity="1" crap="1" count="32"/>
      <line num="20" type="stmt" count="32"/>
      <line num="23" type="method" name="getSubscribedEvents" visibility="public" complexity="1" crap="1" count="32"/>
      <line num="25" type="stmt" count="32"/>
      <line num="26" type="stmt" count="32"/>
      <line num="27" type="stmt" count="32"/>
      <line num="28" type="stmt" count="32"/>
      <line num="31" type="method" name="postPersist" visibility="public" complexity="1" crap="1" count="17"/>
      <line num="33" type="stmt" count="17"/>
      <line num="36" type="method" name="postUpdate" visibility="public" complexity="1" crap="1" count="1"/>
      <line num="38" type="stmt" count="1"/>
      <line num="41" type="method" name="synchronize" visibility="private" complexity="4" crap="4.07" count="17"/>
      <line num="46" type="stmt" count="17"/>
      <line num="47" type="stmt" count="17"/>
      <line num="48" type="stmt" count="17"/>
      <line num="51" type="stmt" count="8"/>
      <line num="52" type="stmt" count="8"/>
      <line num="54" type="stmt" count="8"/>
      <line num="55" type="stmt" count="8"/>
      <line num="56" type="stmt" count="8"/>
      <line num="57" type="stmt" count="8"/>
      <line num="58" type="stmt" count="0"/>
      <line num="59" type="stmt" count="0"/>
      <line num="60" type="stmt" count="0"/>
      <line num="61" type="stmt" count="0"/>
      <line num="64" type="stmt" count="8"/>
      <line num="66" type="stmt" count="8"/>
      <line num="69" type="stmt" count="8"/>
      <line num="70" type="stmt" count="8"/>
      <line num="71" type="stmt" count="8"/>
      <line num="72" type="stmt" count="8"/>
      <line num="75" type="stmt" count="8"/>
      <line num="76" type="stmt" count="1"/>
      <line num="78" type="stmt" count="8"/>
      <line num="81" type="stmt" count="8"/>
      <line num="83" type="stmt" count="8"/>
      <metrics loc="85" ncloc="80" classes="1" methods="5" coveredmethods="4" conditionals="0" coveredconditionals="0" statements="31" coveredstatements="27" elements="36" coveredelements="31"/>
    </file>
    <file name="/app/src/EventListener/SynchronizeProductViewSubscriber.php">
      <class name="App\EventListener\SynchronizeProductViewSubscriber" namespace="global">
        <metrics complexity="6" methods="4" coveredmethods="4" conditionals="0" coveredconditionals="0" statements="18" coveredstatements="18" elements="22" coveredelements="22"/>
      </class>
      <line num="15" type="method" name="__construct" visibility="public" complexity="1" crap="1" count="32"/>
      <line num="17" type="stmt" count="32"/>
      <line num="19" type="method" name="getSubscribedEvents" visibility="public" complexity="1" crap="1" count="32"/>
      <line num="21" type="stmt" count="32"/>
      <line num="22" type="stmt" count="32"/>
      <line num="23" type="stmt" count="32"/>
      <line num="26" type="method" name="postPersist" visibility="public" complexity="1" crap="1" count="17"/>
      <line num="28" type="stmt" count="17"/>
      <line num="31" type="method" name="synchronize" visibility="private" complexity="3" crap="3" count="17"/>
      <line num="36" type="stmt" count="17"/>
      <line num="37" type="stmt" count="17"/>
      <line num="38" type="stmt" count="16"/>
      <line num="41" type="stmt" count="10"/>
      <line num="42" type="stmt" count="10"/>
      <line num="43" type="stmt" count="10"/>
      <line num="45" type="stmt" count="10"/>
      <line num="46" type="stmt" count="10"/>
      <line num="49" type="stmt" count="10"/>
      <line num="50" type="stmt" count="10"/>
      <line num="52" type="stmt" count="10"/>
      <line num="53" type="stmt" count="10"/>
      <line num="54" type="stmt" count="10"/>
      <metrics loc="56" ncloc="53" classes="1" methods="4" coveredmethods="4" conditionals="0" coveredconditionals="0" statements="18" coveredstatements="18" elements="22" coveredelements="22"/>
    </file>
    <file name="/app/src/EventListener/SynchronizeShopViewSubscriber.php">
      <class name="App\EventListener\SynchronizeShopViewSubscriber" namespace="global">
        <metrics complexity="6" methods="4" coveredmethods="4" conditionals="0" coveredconditionals="0" statements="18" coveredstatements="18" elements="22" coveredelements="22"/>
      </class>
      <line num="14" type="method" name="__construct" visibility="public" complexity="1" crap="1" count="32"/>
      <line num="16" type="stmt" count="32"/>
      <line num="18" type="method" name="getSubscribedEvents" visibility="public" complexity="1" crap="1" count="32"/>
      <line num="20" type="stmt" count="32"/>
      <line num="21" type="stmt" count="32"/>
      <line num="22" type="stmt" count="32"/>
      <line num="25" type="method" name="postPersist" visibility="public" complexity="1" crap="1" count="17"/>
      <line num="27" type="stmt" count="17"/>
      <line num="30" type="method" name="synchronize" visibility="private" complexity="3" crap="3" count="17"/>
      <line num="35" type="stmt" count="17"/>
      <line num="36" type="stmt" count="17"/>
      <line num="37" type="stmt" count="10"/>
      <line num="40" type="stmt" count="16"/>
      <line num="41" type="stmt" count="16"/>
      <line num="42" type="stmt" count="16"/>
      <line num="44" type="stmt" count="16"/>
      <line num="45" type="stmt" count="16"/>
      <line num="48" type="stmt" count="16"/>
      <line num="49" type="stmt" count="16"/>
      <line num="50" type="stmt" count="16"/>
      <line num="51" type="stmt" count="16"/>
      <line num="53" type="stmt" count="16"/>
      <metrics loc="55" ncloc="52" classes="1" methods="4" coveredmethods="4" conditionals="0" coveredconditionals="0" statements="18" coveredstatements="18" elements="22" coveredelements="22"/>
    </file>
    <file name="/app/src/Kernel.php">
      <class name="App\Kernel" namespace="global">
        <metrics complexity="0" methods="0" coveredmethods="0" conditionals="0" coveredconditionals="0" statements="0" coveredstatements="0" elements="0" coveredelements="0"/>
      </class>
      <metrics loc="12" ncloc="12" classes="0" methods="0" coveredmethods="0" conditionals="0" coveredconditionals="0" statements="0" coveredstatements="0" elements="0" coveredelements="0"/>
    </file>
    <file name="/app/src/Repository/ODM/ProductViewRepository.php">
      <class name="App\Repository\ODM\ProductViewRepository" namespace="global">
        <metrics complexity="5" methods="2" coveredmethods="2" conditionals="0" coveredconditionals="0" statements="16" coveredstatements="16" elements="18" coveredelements="18"/>
      </class>
      <line num="10" type="method" name="save" visibility="public" complexity="2" crap="2" count="10"/>
      <line num="12" type="stmt" count="10"/>
      <line num="14" type="stmt" count="10"/>
      <line num="15" type="stmt" count="10"/>
      <line num="19" type="method" name="search" visibility="public" complexity="3" crap="3" count="4"/>
      <line num="25" type="stmt" count="4"/>
      <line num="26" type="stmt" count="4"/>
      <line num="28" type="stmt" count="4"/>
      <line num="29" type="stmt" count="1"/>
      <line num="32" type="stmt" count="4"/>
      <line num="33" type="stmt" count="2"/>
      <line num="34" type="stmt" count="2"/>
      <line num="37" type="stmt" count="4"/>
      <line num="38" type="stmt" count="4"/>
      <line num="39" type="stmt" count="4"/>
      <line num="40" type="stmt" count="4"/>
      <line num="41" type="stmt" count="4"/>
      <line num="42" type="stmt" count="4"/>
      <metrics loc="45" ncloc="44" classes="1" methods="2" coveredmethods="2" conditionals="0" coveredconditionals="0" statements="16" coveredstatements="16" elements="18" coveredelements="18"/>
    </file>
    <file name="/app/src/Repository/ODM/ShopViewRepository.php">
      <class name="App\Repository\ODM\ShopViewRepository" namespace="global">
        <metrics complexity="7" methods="2" coveredmethods="2" conditionals="0" coveredconditionals="0" statements="19" coveredstatements="19" elements="21" coveredelements="21"/>
      </class>
      <line num="10" type="method" name="save" visibility="public" complexity="2" crap="2" count="16"/>
      <line num="12" type="stmt" count="16"/>
      <line num="14" type="stmt" count="16"/>
      <line num="15" type="stmt" count="16"/>
      <line num="19" type="method" name="search" visibility="public" complexity="5" crap="5" count="6"/>
      <line num="27" type="stmt" count="6"/>
      <line num="28" type="stmt" count="6"/>
      <line num="30" type="stmt" count="6"/>
      <line num="31" type="stmt" count="3"/>
      <line num="34" type="stmt" count="6"/>
      <line num="35" type="stmt" count="3"/>
      <line num="36" type="stmt" count="3"/>
      <line num="37" type="stmt" count="3"/>
      <line num="38" type="stmt" count="3"/>
      <line num="39" type="stmt" count="3"/>
      <line num="42" type="stmt" count="6"/>
      <line num="43" type="stmt" count="6"/>
      <line num="44" type="stmt" count="6"/>
      <line num="45" type="stmt" count="6"/>
      <line num="46" type="stmt" count="6"/>
      <line num="47" type="stmt" count="6"/>
      <metrics loc="49" ncloc="49" classes="1" methods="2" coveredmethods="2" conditionals="0" coveredconditionals="0" statements="19" coveredstatements="19" elements="21" coveredelements="21"/>
    </file>
    <file name="/app/src/Repository/ORM/ProductRepository.php">
      <class name="App\Repository\ORM\ProductRepository" namespace="global">
        <metrics complexity="5" methods="3" coveredmethods="2" conditionals="0" coveredconditionals="0" statements="7" coveredstatements="4" elements="10" coveredelements="6"/>
      </class>
      <line num="19" type="method" name="__construct" visibility="public" complexity="1" crap="1" count="10"/>
      <line num="21" type="stmt" count="10"/>
      <line num="24" type="method" name="save" visibility="public" complexity="2" crap="2" count="10"/>
      <line num="26" type="stmt" count="10"/>
      <line num="28" type="stmt" count="10"/>
      <line num="29" type="stmt" count="10"/>
      <line num="33" type="method" name="remove" visibility="public" complexity="2" crap="6" count="0"/>
      <line num="35" type="stmt" count="0"/>
      <line num="37" type="stmt" count="0"/>
      <line num="38" type="stmt" count="0"/>
      <metrics loc="42" ncloc="34" classes="1" methods="3" coveredmethods="2" conditionals="0" coveredconditionals="0" statements="7" coveredstatements="4" elements="10" coveredelements="6"/>
    </file>
    <file name="/app/src/Repository/ORM/ShopRepository.php">
      <class name="App\Repository\ORM\ShopRepository" namespace="global">
        <metrics complexity="5" methods="3" coveredmethods="2" conditionals="0" coveredconditionals="0" statements="7" coveredstatements="4" elements="10" coveredelements="6"/>
      </class>
      <line num="19" type="method" name="__construct" visibility="public" complexity="1" crap="1" count="16"/>
      <line num="21" type="stmt" count="16"/>
      <line num="24" type="method" name="save" visibility="public" complexity="2" crap="2" count="16"/>
      <line num="26" type="stmt" count="16"/>
      <line num="28" type="stmt" count="16"/>
      <line num="29" type="stmt" count="9"/>
      <line num="33" type="method" name="remove" visibility="public" complexity="2" crap="6" count="0"/>
      <line num="35" type="stmt" count="0"/>
      <line num="37" type="stmt" count="0"/>
      <line num="38" type="stmt" count="0"/>
      <metrics loc="42" ncloc="34" classes="1" methods="3" coveredmethods="2" conditionals="0" coveredconditionals="0" statements="7" coveredstatements="4" elements="10" coveredelements="6"/>
    </file>
    <file name="/app/src/Repository/ORM/StockRepository.php">
      <class name="App\Repository\ORM\StockRepository" namespace="global">
        <metrics complexity="5" methods="3" coveredmethods="2" conditionals="0" coveredconditionals="0" statements="7" coveredstatements="4" elements="10" coveredelements="6"/>
      </class>
      <line num="19" type="method" name="__construct" visibility="public" complexity="1" crap="1" count="8"/>
      <line num="21" type="stmt" count="8"/>
      <line num="24" type="method" name="save" visibility="public" complexity="2" crap="2" count="8"/>
      <line num="26" type="stmt" count="8"/>
      <line num="28" type="stmt" count="8"/>
      <line num="29" type="stmt" count="3"/>
      <line num="33" type="method" name="remove" visibility="public" complexity="2" crap="6" count="0"/>
      <line num="35" type="stmt" count="0"/>
      <line num="37" type="stmt" count="0"/>
      <line num="38" type="stmt" count="0"/>
      <metrics loc="42" ncloc="34" classes="1" methods="3" coveredmethods="2" conditionals="0" coveredconditionals="0" statements="7" coveredstatements="4" elements="10" coveredelements="6"/>
    </file>
    <file name="/app/src/RequestValidator/BaseRequestValidator.php">
      <class name="App\RequestValidator\BaseRequestValidator" namespace="global">
        <metrics complexity="11" methods="4" coveredmethods="4" conditionals="0" coveredconditionals="0" statements="22" coveredstatements="22" elements="26" coveredelements="26"/>
      </class>
      <line num="12" type="method" name="__construct" visibility="public" complexity="1" crap="1" count="32"/>
      <line num="16" type="stmt" count="32"/>
      <line num="19" type="method" name="validate" visibility="public" complexity="3" crap="3" count="32"/>
      <line num="21" type="stmt" count="32"/>
      <line num="23" type="stmt" count="32"/>
      <line num="24" type="stmt" count="32"/>
      <line num="25" type="stmt" count="17"/>
      <line num="26" type="stmt" count="17"/>
      <line num="27" type="stmt" count="17"/>
      <line num="28" type="stmt" count="17"/>
      <line num="29" type="stmt" count="17"/>
      <line num="32" type="stmt" count="32"/>
      <line num="33" type="stmt" count="17"/>
      <line num="37" type="method" name="getRequest" visibility="protected" complexity="1" crap="1" count="32"/>
      <line num="39" type="stmt" count="32"/>
      <line num="42" type="method" name="populate" visibility="protected" complexity="6" crap="6" count="32"/>
      <line num="44" type="stmt" count="32"/>
      <line num="45" type="stmt" count="32"/>
      <line num="46" type="stmt" count="11"/>
      <line num="47" type="stmt" count="21"/>
      <line num="48" type="stmt" count="21"/>
      <line num="51" type="stmt" count="32"/>
      <line num="52" type="stmt" count="5"/>
      <line num="55" type="stmt" count="27"/>
      <line num="56" type="stmt" count="27"/>
      <line num="57" type="stmt" count="21"/>
      <metrics loc="61" ncloc="61" classes="1" methods="4" coveredmethods="4" conditionals="0" coveredconditionals="0" statements="22" coveredstatements="22" elements="26" coveredelements="26"/>
    </file>
    <file name="/app/src/RequestValidator/Exception/RequestValidationException.php">
      <class name="App\RequestValidator\Exception\RequestValidationException" namespace="global">
        <metrics complexity="1" methods="1" coveredmethods="1" conditionals="0" coveredconditionals="0" statements="2" coveredstatements="2" elements="3" coveredelements="3"/>
      </class>
      <line num="7" type="method" name="__construct" visibility="public" complexity="1" crap="1" count="17"/>
      <line num="9" type="stmt" count="17"/>
      <line num="11" type="stmt" count="17"/>
      <metrics loc="13" ncloc="13" classes="1" methods="1" coveredmethods="1" conditionals="0" coveredconditionals="0" statements="2" coveredstatements="2" elements="3" coveredelements="3"/>
    </file>
    <file name="/app/src/RequestValidator/ProductCreateRequestValidator.php">
      <class name="App\RequestValidator\ProductCreateRequestValidator" namespace="global">
        <metrics complexity="0" methods="0" coveredmethods="0" conditionals="0" coveredconditionals="0" statements="0" coveredstatements="0" elements="0" coveredelements="0"/>
      </class>
      <metrics loc="15" ncloc="15" classes="0" methods="0" coveredmethods="0" conditionals="0" coveredconditionals="0" statements="0" coveredstatements="0" elements="0" coveredelements="0"/>
    </file>
    <file name="/app/src/RequestValidator/ProductSearchRequestValidator.php">
      <class name="App\RequestValidator\ProductSearchRequestValidator" namespace="global">
        <metrics complexity="0" methods="0" coveredmethods="0" conditionals="0" coveredconditionals="0" statements="0" coveredstatements="0" elements="0" coveredelements="0"/>
      </class>
      <metrics loc="13" ncloc="13" classes="0" methods="0" coveredmethods="0" conditionals="0" coveredconditionals="0" statements="0" coveredstatements="0" elements="0" coveredelements="0"/>
    </file>
    <file name="/app/src/RequestValidator/RequestValidationPaginationTrait.php">
      <class name="App\RequestValidator\RequestValidationPaginationTrait" namespace="global">
        <metrics complexity="0" methods="0" coveredmethods="0" conditionals="0" coveredconditionals="0" statements="0" coveredstatements="0" elements="0" coveredelements="0"/>
      </class>
      <metrics loc="11" ncloc="11" classes="0" methods="0" coveredmethods="0" conditionals="0" coveredconditionals="0" statements="0" coveredstatements="0" elements="0" coveredelements="0"/>
    </file>
    <file name="/app/src/RequestValidator/SetProductQuantityRequestValidator.php">
      <class name="App\RequestValidator\SetProductQuantityRequestValidator" namespace="global">
        <metrics complexity="0" methods="0" coveredmethods="0" conditionals="0" coveredconditionals="0" statements="0" coveredstatements="0" elements="0" coveredelements="0"/>
      </class>
      <metrics loc="12" ncloc="12" classes="0" methods="0" coveredmethods="0" conditionals="0" coveredconditionals="0" statements="0" coveredstatements="0" elements="0" coveredelements="0"/>
    </file>
    <file name="/app/src/RequestValidator/ShopCreateRequestValidator.php">
      <class name="App\RequestValidator\ShopCreateRequestValidator" namespace="global">
        <metrics complexity="0" methods="0" coveredmethods="0" conditionals="0" coveredconditionals="0" statements="0" coveredstatements="0" elements="0" coveredelements="0"/>
      </class>
      <metrics loc="28" ncloc="28" classes="0" methods="0" coveredmethods="0" conditionals="0" coveredconditionals="0" statements="0" coveredstatements="0" elements="0" coveredelements="0"/>
    </file>
    <file name="/app/src/RequestValidator/ShopSearchRequestValidator.php">
      <class name="App\RequestValidator\ShopSearchRequestValidator" namespace="global">
        <metrics complexity="0" methods="0" coveredmethods="0" conditionals="0" coveredconditionals="0" statements="0" coveredstatements="0" elements="0" coveredelements="0"/>
      </class>
      <metrics loc="10" ncloc="10" classes="0" methods="0" coveredmethods="0" conditionals="0" coveredconditionals="0" statements="0" coveredstatements="0" elements="0" coveredelements="0"/>
    </file>
    <file name="/app/src/Service/CQSBus/Command.php">
      <metrics loc="8" ncloc="8" classes="0" methods="0" coveredmethods="0" conditionals="0" coveredconditionals="0" statements="0" coveredstatements="0" elements="0" coveredelements="0"/>
    </file>
    <file name="/app/src/Service/CQSBus/CommandBus.php">
      <metrics loc="8" ncloc="8" classes="0" methods="0" coveredmethods="0" conditionals="0" coveredconditionals="0" statements="0" coveredstatements="0" elements="0" coveredelements="0"/>
    </file>
    <file name="/app/src/Service/CQSBus/CommandHandler.php">
      <metrics loc="8" ncloc="8" classes="0" methods="0" coveredmethods="0" conditionals="0" coveredconditionals="0" statements="0" coveredstatements="0" elements="0" coveredelements="0"/>
    </file>
    <file name="/app/src/Service/CQSBus/MessengerCommandBus.php">
      <class name="App\Service\CQSBus\MessengerCommandBus" namespace="global">
        <metrics complexity="2" methods="2" coveredmethods="2" conditionals="0" coveredconditionals="0" statements="2" coveredstatements="2" elements="4" coveredelements="4"/>
      </class>
      <line num="9" type="method" name="__construct" visibility="public" complexity="1" crap="1" count="34"/>
      <line num="11" type="stmt" count="34"/>
      <line num="13" type="method" name="dispatch" visibility="public" complexity="1" crap="1" count="6"/>
      <line num="15" type="stmt" count="6"/>
      <metrics loc="17" ncloc="17" classes="1" methods="2" coveredmethods="2" conditionals="0" coveredconditionals="0" statements="2" coveredstatements="2" elements="4" coveredelements="4"/>
    </file>
    <file name="/app/src/Service/CQSBus/MessengerQueryBus.php">
      <class name="App\Service\CQSBus\MessengerQueryBus" namespace="global">
        <metrics complexity="2" methods="2" coveredmethods="2" conditionals="0" coveredconditionals="0" statements="2" coveredstatements="2" elements="4" coveredelements="4"/>
      </class>
      <line num="14" type="method" name="__construct" visibility="public" complexity="1" crap="1" count="33"/>
      <line num="16" type="stmt" count="33"/>
      <line num="19" type="method" name="handle" visibility="public" complexity="1" crap="1" count="10"/>
      <line num="21" type="stmt" count="10"/>
      <metrics loc="23" ncloc="23" classes="1" methods="2" coveredmethods="2" conditionals="0" coveredconditionals="0" statements="2" coveredstatements="2" elements="4" coveredelements="4"/>
    </file>
    <file name="/app/src/Service/CQSBus/Query.php">
      <metrics loc="8" ncloc="8" classes="0" methods="0" coveredmethods="0" conditionals="0" coveredconditionals="0" statements="0" coveredstatements="0" elements="0" coveredelements="0"/>
    </file>
    <file name="/app/src/Service/CQSBus/QueryBus.php">
      <metrics loc="8" ncloc="8" classes="0" methods="0" coveredmethods="0" conditionals="0" coveredconditionals="0" statements="0" coveredstatements="0" elements="0" coveredelements="0"/>
    </file>
    <file name="/app/src/Service/CQSBus/QueryHandler.php">
      <metrics loc="8" ncloc="8" classes="0" methods="0" coveredmethods="0" conditionals="0" coveredconditionals="0" statements="0" coveredstatements="0" elements="0" coveredelements="0"/>
    </file>
    <file name="/app/src/UseCase/Command/CreateProductCommand.php">
      <class name="App\UseCase\Command\CreateProductCommand" namespace="global">
        <metrics complexity="1" methods="1" coveredmethods="1" conditionals="0" coveredconditionals="0" statements="1" coveredstatements="1" elements="2" coveredelements="2"/>
      </class>
      <line num="9" type="method" name="__construct" visibility="public" complexity="1" crap="1" count="1"/>
      <line num="13" type="stmt" count="1"/>
      <metrics loc="15" ncloc="15" classes="1" methods="1" coveredmethods="1" conditionals="0" coveredconditionals="0" statements="1" coveredstatements="1" elements="2" coveredelements="2"/>
    </file>
    <file name="/app/src/UseCase/Command/CreateProductCommandHandler.php">
      <class name="App\UseCase\Command\CreateProductCommandHandler" namespace="global">
        <metrics complexity="2" methods="2" coveredmethods="2" conditionals="0" coveredconditionals="0" statements="5" coveredstatements="5" elements="7" coveredelements="7"/>
      </class>
      <line num="13" type="method" name="__construct" visibility="public" complexity="1" crap="1" count="1"/>
      <line num="15" type="stmt" count="1"/>
      <line num="17" type="method" name="__invoke" visibility="public" complexity="1" crap="1" count="1"/>
      <line num="19" type="stmt" count="1"/>
      <line num="20" type="stmt" count="1"/>
      <line num="21" type="stmt" count="1"/>
      <line num="23" type="stmt" count="1"/>
      <metrics loc="26" ncloc="26" classes="1" methods="2" coveredmethods="2" conditionals="0" coveredconditionals="0" statements="5" coveredstatements="5" elements="7" coveredelements="7"/>
    </file>
    <file name="/app/src/UseCase/Command/CreateShopCommand.php">
      <class name="App\UseCase\Command\CreateShopCommand" namespace="global">
        <metrics complexity="1" methods="1" coveredmethods="1" conditionals="0" coveredconditionals="0" statements="1" coveredstatements="1" elements="2" coveredelements="2"/>
      </class>
      <line num="9" type="method" name="__construct" visibility="public" complexity="1" crap="1" count="1"/>
      <line num="16" type="stmt" count="1"/>
      <metrics loc="18" ncloc="18" classes="1" methods="1" coveredmethods="1" conditionals="0" coveredconditionals="0" statements="1" coveredstatements="1" elements="2" coveredelements="2"/>
    </file>
    <file name="/app/src/UseCase/Command/CreateShopCommandHandler.php">
      <class name="App\UseCase\Command\CreateShopCommandHandler" namespace="global">
        <metrics complexity="2" methods="2" coveredmethods="2" conditionals="0" coveredconditionals="0" statements="8" coveredstatements="8" elements="10" coveredelements="10"/>
      </class>
      <line num="13" type="method" name="__construct" visibility="public" complexity="1" crap="1" count="1"/>
      <line num="15" type="stmt" count="1"/>
      <line num="17" type="method" name="__invoke" visibility="public" complexity="1" crap="1" count="1"/>
      <line num="19" type="stmt" count="1"/>
      <line num="20" type="stmt" count="1"/>
      <line num="21" type="stmt" count="1"/>
      <line num="22" type="stmt" count="1"/>
      <line num="23" type="stmt" count="1"/>
      <line num="24" type="stmt" count="1"/>
      <line num="26" type="stmt" count="1"/>
      <metrics loc="29" ncloc="29" classes="1" methods="2" coveredmethods="2" conditionals="0" coveredconditionals="0" statements="8" coveredstatements="8" elements="10" coveredelements="10"/>
    </file>
    <file name="/app/src/UseCase/Command/SetProductQuantityCommand.php">
      <class name="App\UseCase\Command\SetProductQuantityCommand" namespace="global">
        <metrics complexity="1" methods="1" coveredmethods="1" conditionals="0" coveredconditionals="0" statements="1" coveredstatements="1" elements="2" coveredelements="2"/>
      </class>
      <line num="9" type="method" name="__construct" visibility="public" complexity="1" crap="1" count="3"/>
      <line num="11" type="stmt" count="3"/>
      <metrics loc="13" ncloc="13" classes="1" methods="1" coveredmethods="1" conditionals="0" coveredconditionals="0" statements="1" coveredstatements="1" elements="2" coveredelements="2"/>
    </file>
    <file name="/app/src/UseCase/Command/SetProductQuantityCommandHandler.php">
      <class name="App\UseCase\Command\SetProductQuantityCommandHandler" namespace="global">
        <metrics complexity="3" methods="2" coveredmethods="2" conditionals="0" coveredconditionals="0" statements="10" coveredstatements="10" elements="12" coveredelements="12"/>
      </class>
      <line num="15" type="method" name="__construct" visibility="public" complexity="1" crap="1" count="3"/>
      <line num="17" type="stmt" count="3"/>
      <line num="19" type="method" name="__invoke" visibility="public" complexity="2" crap="2" count="3"/>
      <line num="21" type="stmt" count="3"/>
      <line num="22" type="stmt" count="3"/>
      <line num="24" type="stmt" count="3"/>
      <line num="25" type="stmt" count="3"/>
      <line num="26" type="stmt" count="2"/>
      <line num="27" type="stmt" count="2"/>
      <line num="28" type="stmt" count="2"/>
      <line num="30" type="stmt" count="3"/>
      <line num="32" type="stmt" count="3"/>
      <metrics loc="35" ncloc="35" classes="1" methods="2" coveredmethods="2" conditionals="0" coveredconditionals="0" statements="10" coveredstatements="10" elements="12" coveredelements="12"/>
    </file>
    <file name="/app/src/UseCase/Query/SearchProductQuery.php">
      <class name="App\UseCase\Query\SearchProductQuery" namespace="global">
        <metrics complexity="1" methods="1" coveredmethods="1" conditionals="0" coveredconditionals="0" statements="1" coveredstatements="1" elements="2" coveredelements="2"/>
      </class>
      <line num="9" type="method" name="__construct" visibility="public" complexity="1" crap="1" count="4"/>
      <line num="15" type="stmt" count="4"/>
      <metrics loc="16" ncloc="16" classes="1" methods="1" coveredmethods="1" conditionals="0" coveredconditionals="0" statements="1" coveredstatements="1" elements="2" coveredelements="2"/>
    </file>
    <file name="/app/src/UseCase/Query/SearchProductQueryHandler.php">
      <class name="App\UseCase\Query\SearchProductQueryHandler" namespace="global">
        <metrics complexity="2" methods="2" coveredmethods="2" conditionals="0" coveredconditionals="0" statements="4" coveredstatements="4" elements="6" coveredelements="6"/>
      </class>
      <line num="13" type="method" name="__construct" visibility="public" complexity="1" crap="1" count="4"/>
      <line num="15" type="stmt" count="4"/>
      <line num="17" type="method" name="__invoke" visibility="public" complexity="1" crap="1" count="4"/>
      <line num="19" type="stmt" count="4"/>
      <line num="20" type="stmt" count="4"/>
      <line num="21" type="stmt" count="4"/>
      <metrics loc="23" ncloc="23" classes="1" methods="2" coveredmethods="2" conditionals="0" coveredconditionals="0" statements="4" coveredstatements="4" elements="6" coveredelements="6"/>
    </file>
    <file name="/app/src/UseCase/Query/SearchShopQuery.php">
      <class name="App\UseCase\Query\SearchShopQuery" namespace="global">
        <metrics complexity="1" methods="1" coveredmethods="1" conditionals="0" coveredconditionals="0" statements="1" coveredstatements="1" elements="2" coveredelements="2"/>
      </class>
      <line num="9" type="method" name="__construct" visibility="public" complexity="1" crap="1" count="6"/>
      <line num="17" type="stmt" count="6"/>
      <metrics loc="18" ncloc="18" classes="1" methods="1" coveredmethods="1" conditionals="0" coveredconditionals="0" statements="1" coveredstatements="1" elements="2" coveredelements="2"/>
    </file>
    <file name="/app/src/UseCase/Query/SearchShopQueryHandler.php">
      <class name="App\UseCase\Query\SearchShopQueryHandler" namespace="global">
        <metrics complexity="2" methods="2" coveredmethods="2" conditionals="0" coveredconditionals="0" statements="4" coveredstatements="4" elements="6" coveredelements="6"/>
      </class>
      <line num="13" type="method" name="__construct" visibility="public" complexity="1" crap="1" count="6"/>
      <line num="15" type="stmt" count="6"/>
      <line num="17" type="method" name="__invoke" visibility="public" complexity="1" crap="1" count="6"/>
      <line num="19" type="stmt" count="6"/>
      <line num="20" type="stmt" count="6"/>
      <line num="21" type="stmt" count="6"/>
      <metrics loc="23" ncloc="23" classes="1" methods="2" coveredmethods="2" conditionals="0" coveredconditionals="0" statements="4" coveredstatements="4" elements="6" coveredelements="6"/>
    </file>
    <metrics files="43" loc="1586" ncloc="1424" classes="30" methods="102" coveredmethods="86" conditionals="0" coveredconditionals="0" statements="335" coveredstatements="271" elements="437" coveredelements="357"/>
  </project>
</coverage>
