<?xml version="1.0" encoding="UTF-8"?>
<testsuites>
  <testsuite name="" tests="35" assertions="80" errors="0" warnings="0" failures="0" skipped="0" time="4.954439">
    <testsuite name="Project Test Suite" tests="35" assertions="80" errors="0" warnings="0" failures="0" skipped="0" time="4.954439">
      <testsuite name="App\Tests\Feature\Product\ProductCreateTest" file="/app/tests/Feature/Product/ProductCreateTest.php" tests="5" assertions="12" errors="0" warnings="0" failures="0" skipped="0" time="3.028869">
        <testcase name="test_createProduct_WHEN_goodParameters_THEN_success" class="App\Tests\Feature\Product\ProductCreateTest" classname="App.Tests.Feature.Product.ProductCreateTest" file="/app/tests/Feature/Product/ProductCreateTest.php" line="12" assertions="4" time="2.904871"/>
        <testsuite name="App\Tests\Feature\Product\ProductCreateTest::test_productCreate_WHEN_badParametersRequest_THEN_responseOnErrorStatus" tests="4" assertions="8" errors="0" warnings="0" failures="0" skipped="0" time="0.123998">
          <testcase name="test_productCreate_WHEN_badParametersRequest_THEN_responseOnErrorStatus with data set #0" class="App\Tests\Feature\Product\ProductCreateTest" classname="App.Tests.Feature.Product.ProductCreateTest" file="/app/tests/Feature/Product/ProductCreateTest.php" line="46" assertions="2" time="0.049815"/>
          <testcase name="test_productCreate_WHEN_badParametersRequest_THEN_responseOnErrorStatus with data set #1" class="App\Tests\Feature\Product\ProductCreateTest" classname="App.Tests.Feature.Product.ProductCreateTest" file="/app/tests/Feature/Product/ProductCreateTest.php" line="46" assertions="2" time="0.023148"/>
          <testcase name="test_productCreate_WHEN_badParametersRequest_THEN_responseOnErrorStatus with data set #2" class="App\Tests\Feature\Product\ProductCreateTest" classname="App.Tests.Feature.Product.ProductCreateTest" file="/app/tests/Feature/Product/ProductCreateTest.php" line="46" assertions="2" time="0.023056"/>
          <testcase name="test_productCreate_WHEN_badParametersRequest_THEN_responseOnErrorStatus with data set #3" class="App\Tests\Feature\Product\ProductCreateTest" classname="App.Tests.Feature.Product.ProductCreateTest" file="/app/tests/Feature/Product/ProductCreateTest.php" line="46" assertions="2" time="0.027979"/>
        </testsuite>
      </testsuite>
      <testsuite name="App\Tests\Feature\Product\ProductListTest" file="/app/tests/Feature/Product/ProductListTest.php" tests="5" assertions="11" errors="0" warnings="0" failures="0" skipped="0" time="0.588239">
        <testcase name="test_search_WHEN_nofilters_THEN_returnallProducts" class="App\Tests\Feature\Product\ProductListTest" classname="App.Tests.Feature.Product.ProductListTest" file="/app/tests/Feature/Product/ProductListTest.php" line="24" assertions="2" time="0.147517"/>
        <testcase name="test_search_WHEN_filterByName_THEN_returnSpecificProduct" class="App\Tests\Feature\Product\ProductListTest" classname="App.Tests.Feature.Product.ProductListTest" file="/app/tests/Feature/Product/ProductListTest.php" line="39" assertions="3" time="0.119845"/>
        <testcase name="test_search_WHEN_filterByShop_THEN_returnProductsPerShop" class="App\Tests\Feature\Product\ProductListTest" classname="App.Tests.Feature.Product.ProductListTest" file="/app/tests/Feature/Product/ProductListTest.php" line="59" assertions="2" time="0.101326"/>
        <testcase name="test_search_WHEN_filterByMultiple_THEN_returnProductsPerShops" class="App\Tests\Feature\Product\ProductListTest" classname="App.Tests.Feature.Product.ProductListTest" file="/app/tests/Feature/Product/ProductListTest.php" line="75" assertions="2" time="0.100434"/>
        <testcase name="test_productSearch_WHEN_badParametersRequest_THEN_responseOnErrorStatus" class="App\Tests\Feature\Product\ProductListTest" classname="App.Tests.Feature.Product.ProductListTest" file="/app/tests/Feature/Product/ProductListTest.php" line="91" assertions="2" time="0.119117"/>
      </testsuite>
      <testsuite name="App\Tests\Feature\Shop\ShopCreateTest" file="/app/tests/Feature/Shop/ShopCreateTest.php" tests="12" assertions="26" errors="0" warnings="0" failures="0" skipped="0" time="0.426251">
        <testcase name="test_createShop_WHEN_goodParameters_THEN_success" class="App\Tests\Feature\Shop\ShopCreateTest" classname="App.Tests.Feature.Shop.ShopCreateTest" file="/app/tests/Feature/Shop/ShopCreateTest.php" line="12" assertions="4" time="0.081376"/>
        <testsuite name="App\Tests\Feature\Shop\ShopCreateTest::test_createShop_WHEN_badParametersRequest_THEN_responseOnErrorStatus" tests="11" assertions="22" errors="0" warnings="0" failures="0" skipped="0" time="0.344875">
          <testcase name="test_createShop_WHEN_badParametersRequest_THEN_responseOnErrorStatus" class="App\Tests\Feature\Shop\ShopCreateTest" classname="App.Tests.Feature.Shop.ShopCreateTest" file="/app/tests/Feature/Shop/ShopCreateTest.php" line="43" assertions="2" time="0.035064"/>
          <testcase name="test_createShop_WHEN_badParametersRequest_THEN_responseOnErrorStatus with data set #1" class="App\Tests\Feature\Shop\ShopCreateTest" classname="App.Tests.Feature.Shop.ShopCreateTest" file="/app/tests/Feature/Shop/ShopCreateTest.php" line="43" assertions="2" time="0.028561"/>
          <testcase name="test_createShop_WHEN_badParametersRequest_THEN_responseOnErrorStatus with data set #2" class="App\Tests\Feature\Shop\ShopCreateTest" classname="App.Tests.Feature.Shop.ShopCreateTest" file="/app/tests/Feature/Shop/ShopCreateTest.php" line="43" assertions="2" time="0.028771"/>
          <testcase name="test_createShop_WHEN_badParametersRequest_THEN_responseOnErrorStatus with data set #3" class="App\Tests\Feature\Shop\ShopCreateTest" classname="App.Tests.Feature.Shop.ShopCreateTest" file="/app/tests/Feature/Shop/ShopCreateTest.php" line="43" assertions="2" time="0.031071"/>
          <testcase name="test_createShop_WHEN_badParametersRequest_THEN_responseOnErrorStatus with data set #4" class="App\Tests\Feature\Shop\ShopCreateTest" classname="App.Tests.Feature.Shop.ShopCreateTest" file="/app/tests/Feature/Shop/ShopCreateTest.php" line="43" assertions="2" time="0.029283"/>
          <testcase name="test_createShop_WHEN_badParametersRequest_THEN_responseOnErrorStatus with data set #5" class="App\Tests\Feature\Shop\ShopCreateTest" classname="App.Tests.Feature.Shop.ShopCreateTest" file="/app/tests/Feature/Shop/ShopCreateTest.php" line="43" assertions="2" time="0.029587"/>
          <testcase name="test_createShop_WHEN_badParametersRequest_THEN_responseOnErrorStatus with data set #6" class="App\Tests\Feature\Shop\ShopCreateTest" classname="App.Tests.Feature.Shop.ShopCreateTest" file="/app/tests/Feature/Shop/ShopCreateTest.php" line="43" assertions="2" time="0.047012"/>
          <testcase name="test_createShop_WHEN_badParametersRequest_THEN_responseOnErrorStatus with data set #7" class="App\Tests\Feature\Shop\ShopCreateTest" classname="App.Tests.Feature.Shop.ShopCreateTest" file="/app/tests/Feature/Shop/ShopCreateTest.php" line="43" assertions="2" time="0.027334"/>
          <testcase name="test_createShop_WHEN_badParametersRequest_THEN_responseOnErrorStatus with data set #8" class="App\Tests\Feature\Shop\ShopCreateTest" classname="App.Tests.Feature.Shop.ShopCreateTest" file="/app/tests/Feature/Shop/ShopCreateTest.php" line="43" assertions="2" time="0.034786"/>
          <testcase name="test_createShop_WHEN_badParametersRequest_THEN_responseOnErrorStatus with data set #9" class="App\Tests\Feature\Shop\ShopCreateTest" classname="App.Tests.Feature.Shop.ShopCreateTest" file="/app/tests/Feature/Shop/ShopCreateTest.php" line="43" assertions="2" time="0.027043"/>
          <testcase name="test_createShop_WHEN_badParametersRequest_THEN_responseOnErrorStatus with data set #10" class="App\Tests\Feature\Shop\ShopCreateTest" classname="App.Tests.Feature.Shop.ShopCreateTest" file="/app/tests/Feature/Shop/ShopCreateTest.php" line="43" assertions="2" time="0.026364"/>
        </testsuite>
      </testsuite>
      <testsuite name="App\Tests\Feature\Shop\ShopListTest" file="/app/tests/Feature/Shop/ShopListTest.php" tests="6" assertions="12" errors="0" warnings="0" failures="0" skipped="0" time="0.411228">
        <testsuite name="App\Tests\Feature\Shop\ShopListTest::test_search_WHEN_filters_THEN_returnConcernedShops" tests="6" assertions="12" errors="0" warnings="0" failures="0" skipped="0" time="0.411228">
          <testcase name="test_search_WHEN_filters_THEN_returnConcernedShops with data set #0" class="App\Tests\Feature\Shop\ShopListTest" classname="App.Tests.Feature.Shop.ShopListTest" file="/app/tests/Feature/Shop/ShopListTest.php" line="14" assertions="2" time="0.061520"/>
          <testcase name="test_search_WHEN_filters_THEN_returnConcernedShops with data set #1" class="App\Tests\Feature\Shop\ShopListTest" classname="App.Tests.Feature.Shop.ShopListTest" file="/app/tests/Feature/Shop/ShopListTest.php" line="14" assertions="2" time="0.063112"/>
          <testcase name="test_search_WHEN_filters_THEN_returnConcernedShops with data set #2" class="App\Tests\Feature\Shop\ShopListTest" classname="App.Tests.Feature.Shop.ShopListTest" file="/app/tests/Feature/Shop/ShopListTest.php" line="14" assertions="2" time="0.062518"/>
          <testcase name="test_search_WHEN_filters_THEN_returnConcernedShops with data set #3" class="App\Tests\Feature\Shop\ShopListTest" classname="App.Tests.Feature.Shop.ShopListTest" file="/app/tests/Feature/Shop/ShopListTest.php" line="14" assertions="2" time="0.063471"/>
          <testcase name="test_search_WHEN_filters_THEN_returnConcernedShops with data set #4" class="App\Tests\Feature\Shop\ShopListTest" classname="App.Tests.Feature.Shop.ShopListTest" file="/app/tests/Feature/Shop/ShopListTest.php" line="14" assertions="2" time="0.072040"/>
          <testcase name="test_search_WHEN_filters_THEN_returnConcernedShops with data set #5" class="App\Tests\Feature\Shop\ShopListTest" classname="App.Tests.Feature.Shop.ShopListTest" file="/app/tests/Feature/Shop/ShopListTest.php" line="14" assertions="2" time="0.088567"/>
        </testsuite>
      </testsuite>
      <testsuite name="App\Tests\Feature\Stock\SetProductsQuantityTest" file="/app/tests/Feature/Stock/SetProductsQuantityTest.php" tests="4" assertions="16" errors="0" warnings="0" failures="0" skipped="0" time="0.475862">
        <testcase name="test_addProductsToShop_WHEN_noQuantity_THEN_responseOnErrorStatus" class="App\Tests\Feature\Stock\SetProductsQuantityTest" classname="App.Tests.Feature.Stock.SetProductsQuantityTest" file="/app/tests/Feature/Stock/SetProductsQuantityTest.php" line="14" assertions="2" time="0.096995"/>
        <testcase name="test_addProductsToShop_WHEN_creatingAssociation_THEN_success" class="App\Tests\Feature\Stock\SetProductsQuantityTest" classname="App.Tests.Feature.Stock.SetProductsQuantityTest" file="/app/tests/Feature/Stock/SetProductsQuantityTest.php" line="32" assertions="5" time="0.099972"/>
        <testcase name="test_addProductsToShop_WHEN_updatingAssociation_THEN_success" class="App\Tests\Feature\Stock\SetProductsQuantityTest" classname="App.Tests.Feature.Stock.SetProductsQuantityTest" file="/app/tests/Feature/Stock/SetProductsQuantityTest.php" line="65" assertions="8" time="0.152800"/>
        <testcase name="test_addProductsToShop_WHEN_manyShopsForAProduct_THEN_success" class="App\Tests\Feature\Stock\SetProductsQuantityTest" classname="App.Tests.Feature.Stock.SetProductsQuantityTest" file="/app/tests/Feature/Stock/SetProductsQuantityTest.php" line="103" assertions="1" time="0.126095"/>
      </testsuite>
      <testsuite name="App\Tests\Unit\CQSBus\MessengerCommandBusTest" file="/app/tests/Unit/CQSBus/MessengerCommandBusTest.php" tests="2" assertions="2" errors="0" warnings="0" failures="0" skipped="0" time="0.023328">
        <testcase name="testWHENNewInstanceTHENHasInterface" class="App\Tests\Unit\CQSBus\MessengerCommandBusTest" classname="App.Tests.Unit.CQSBus.MessengerCommandBusTest" file="/app/tests/Unit/CQSBus/MessengerCommandBusTest.php" line="24" assertions="1" time="0.014254"/>
        <testcase name="testWHENDispatchTHENMessageBusHandleIsExpected" class="App\Tests\Unit\CQSBus\MessengerCommandBusTest" classname="App.Tests.Unit.CQSBus.MessengerCommandBusTest" file="/app/tests/Unit/CQSBus/MessengerCommandBusTest.php" line="30" assertions="1" time="0.009073"/>
      </testsuite>
      <testsuite name="App\Tests\Unit\CQSBus\MessengerQueryBusTest" file="/app/tests/Unit/CQSBus/MessengerQueryBusTest.php" tests="1" assertions="1" errors="0" warnings="0" failures="0" skipped="0" time="0.000661">
        <testcase name="testWHENNewInstanceTHENHasInterface" class="App\Tests\Unit\CQSBus\MessengerQueryBusTest" classname="App.Tests.Unit.CQSBus.MessengerQueryBusTest" file="/app/tests/Unit/CQSBus/MessengerQueryBusTest.php" line="12" assertions="1" time="0.000661"/>
      </testsuite>
    </testsuite>
  </testsuite>
</testsuites>
